<?xml version="1.0" encoding="UTF-8"?>
<testng-results skipped="0" failed="0" total="1" passed="1">
  <reporter-output>
  </reporter-output>
  <suite name="Command line suite" duration-ms="15790" started-at="2018-11-13T05:38:47Z" finished-at="2018-11-13T05:39:03Z">
    <groups>
    </groups>
    <test name="Command line test" duration-ms="15790" started-at="2018-11-13T05:38:47Z" finished-at="2018-11-13T05:39:03Z">
      <class name="Tests.ScreenshotTest">
        <test-method status="PASS" signature="setUpAppium()[pri:0, instance:Tests.ScreenshotTest@6d8a00e3]" name="setUpAppium" is-config="true" duration-ms="16543" started-at="2018-11-13T14:38:31Z" finished-at="2018-11-13T14:38:47Z">
          <reporter-output>
          </reporter-output>
        </test-method> <!-- setUpAppium -->
        <test-method status="PASS" signature="testScreenshot()[pri:0, instance:Tests.ScreenshotTest@6d8a00e3]" name="testScreenshot" duration-ms="15780" started-at="2018-11-13T14:38:47Z" finished-at="2018-11-13T14:39:03Z">
          <reporter-output>
          </reporter-output>
        </test-method> <!-- testScreenshot -->
        <test-method status="PASS" signature="restartApp()[pri:0, instance:Tests.ScreenshotTest@6d8a00e3]" name="restartApp" is-config="true" duration-ms="0" started-at="2018-11-13T14:39:03Z" finished-at="2018-11-13T14:39:03Z">
          <reporter-output>
          </reporter-output>
        </test-method> <!-- restartApp -->
        <test-method status="PASS" signature="tearDownAppium()[pri:0, instance:Tests.ScreenshotTest@6d8a00e3]" name="tearDownAppium" is-config="true" duration-ms="1092" started-at="2018-11-13T14:39:03Z" finished-at="2018-11-13T14:39:04Z">
          <reporter-output>
          </reporter-output>
        </test-method> <!-- tearDownAppium -->
      </class> <!-- Tests.ScreenshotTest -->
    </test> <!-- Command line test -->
  </suite> <!-- Command line suite -->
</testng-results>
